# JRE version: OpenJDK Runtime Environment (8.0_76-b03) (build 1.8.0_76-release-b03)
# Java VM: OpenJDK 64-Bit Server VM (25.76-b03 mixed mode windows-amd64 compressed oops)
Heap:
 PSYoungGen      total 832000K, used 276347K [0x000000076ab00000, 0x00000007b9380000, 0x00000007c0000000)
  eden space 510464K, 0% used [0x000000076ab00000,0x000000076ab00000,0x0000000789d80000)
  from space 321536K, 85% used [0x0000000789d80000,0x000000079ab5ee98,0x000000079d780000)
  to   space 357376K, 0% used [0x00000007a3680000,0x00000007a3680000,0x00000007b9380000)
 ParOldGen       total 661504K, used 613953K [0x00000006c0000000, 0x00000006e8600000, 0x000000076ab00000)
  object space 661504K, 92% used [0x00000006c0000000,0x00000006e5790500,0x00000006e8600000)
 Metaspace       used 6690K, capacity 7352K, committed 7552K, reserved 1056768K
  class space    used 608K, capacity 624K, committed 640K, reserved 1048576K
GC Heap History (10 events):
Event: 99.115 GC heap after
Heap after GC invocations=29 (full 6):
 PSYoungGen      total 661504K, used 159076K [0x000000076ab00000, 0x00000007a5e80000, 0x00000007c0000000)
  eden space 450560K, 0% used [0x000000076ab00000,0x000000076ab00000,0x0000000786300000)
  from space 210944K, 75% used [0x0000000786300000,0x000000078fe59300,0x0000000793100000)
  to   space 226816K, 0% used [0x0000000798100000,0x0000000798100000,0x00000007a5e80000)
 ParOldGen       total 661504K, used 522194K [0x00000006c0000000, 0x00000006e8600000, 0x000000076ab00000)
  object space 661504K, 78% used [0x00000006c0000000,0x00000006dfdf4ba8,0x00000006e8600000)
 Metaspace       used 6594K, capacity 7282K, committed 7552K, reserved 1056768K
  class space    used 601K, capacity 618K, committed 640K, reserved 1048576K
}
Event: 102.227 GC heap before
{Heap before GC invocations=30 (full 6):
 PSYoungGen      total 661504K, used 609636K [0x000000076ab00000, 0x00000007a5e80000, 0x00000007c0000000)
  eden space 450560K, 100% used [0x000000076ab00000,0x0000000786300000,0x0000000786300000)
  from space 210944K, 75% used [0x0000000786300000,0x000000078fe59300,0x0000000793100000)
  to   space 226816K, 0% used [0x0000000798100000,0x0000000798100000,0x00000007a5e80000)
 ParOldGen       total 661504K, used 522194K [0x00000006c0000000, 0x00000006e8600000, 0x000000076ab00000)
  object space 661504K, 78% used [0x00000006c0000000,0x00000006dfdf4ba8,0x00000006e8600000)
 Metaspace       used 6594K, capacity 7282K, committed 7552K, reserved 1056768K
  class space    used 601K, capacity 618K, committed 640K, reserved 1048576K
Event: 102.973 GC heap after
Heap after GC invocations=30 (full 6):
 PSYoungGen      total 725504K, used 174495K [0x000000076ab00000, 0x00000007a8300000, 0x00000007c0000000)
  eden space 498688K, 0% used [0x000000076ab00000,0x000000076ab00000,0x0000000789200000)
  from space 226816K, 76% used [0x0000000798100000,0x00000007a2b67cf8,0x00000007a5e80000)
  to   space 244736K, 0% used [0x0000000789200000,0x0000000789200000,0x0000000798100000)
 ParOldGen       total 661504K, used 522194K [0x00000006c0000000, 0x00000006e8600000, 0x000000076ab00000)
  object space 661504K, 78% used [0x00000006c0000000,0x00000006dfdf4ba8,0x00000006e8600000)
 Metaspace       used 6594K, capacity 7282K, committed 7552K, reserved 1056768K
  class space    used 601K, capacity 618K, committed 640K, reserved 1048576K
}
Event: 121.514 GC heap before
{Heap before GC invocations=31 (full 6):
 PSYoungGen      total 725504K, used 673183K [0x000000076ab00000, 0x00000007a8300000, 0x00000007c0000000)
  eden space 498688K, 100% used [0x000000076ab00000,0x0000000789200000,0x0000000789200000)
  from space 226816K, 76% used [0x0000000798100000,0x00000007a2b67cf8,0x00000007a5e80000)
  to   space 244736K, 0% used [0x0000000789200000,0x0000000789200000,0x0000000798100000)
 ParOldGen       total 661504K, used 522194K [0x00000006c0000000, 0x00000006e8600000, 0x000000076ab00000)
  object space 661504K, 78% used [0x00000006c0000000,0x00000006dfdf4ba8,0x00000006e8600000)
 Metaspace       used 6595K, capacity 7282K, committed 7552K, reserved 1056768K
  class space    used 601K, capacity 618K, committed 640K, reserved 1048576K
Event: 129.009 GC heap after
Heap after GC invocations=31 (full 6):
 PSYoungGen      total 743424K, used 209126K [0x000000076ab00000, 0x00000007ae080000, 0x00000007c0000000)
  eden space 498688K, 0% used [0x000000076ab00000,0x000000076ab00000,0x0000000789200000)
  from space 244736K, 85% used [0x0000000789200000,0x0000000795e398f8,0x0000000798100000)
  to   space 271360K, 0% used [0x000000079d780000,0x000000079d780000,0x00000007ae080000)
 ParOldGen       total 661504K, used 522194K [0x00000006c0000000, 0x00000006e8600000, 0x000000076ab00000)
  object space 661504K, 78% used [0x00000006c0000000,0x00000006dfdf4ba8,0x00000006e8600000)
 Metaspace       used 6595K, capacity 7282K, committed 7552K, reserved 1056768K
  class space    used 601K, capacity 618K, committed 640K, reserved 1048576K
}
Event: 154.804 GC heap before
{Heap before GC invocations=32 (full 6):
 PSYoungGen      total 743424K, used 707814K [0x000000076ab00000, 0x00000007ae080000, 0x00000007c0000000)
  eden space 498688K, 100% used [0x000000076ab00000,0x0000000789200000,0x0000000789200000)
  from space 244736K, 85% used [0x0000000789200000,0x0000000795e398f8,0x0000000798100000)
  to   space 271360K, 0% used [0x000000079d780000,0x000000079d780000,0x00000007ae080000)
 ParOldGen       total 661504K, used 522194K [0x00000006c0000000, 0x00000006e8600000, 0x000000076ab00000)
  object space 661504K, 78% used [0x00000006c0000000,0x00000006dfdf4ba8,0x00000006e8600000)
 Metaspace       used 6662K, capacity 7350K, committed 7552K, reserved 1056768K
  class space    used 606K, capacity 622K, committed 640K, reserved 1048576K
Event: 160.291 GC heap after
Heap after GC invocations=32 (full 6):
 PSYoungGen      total 781824K, used 271353K [0x000000076ab00000, 0x00000007b4180000, 0x00000007c0000000)
  eden space 510464K, 0% used [0x000000076ab00000,0x000000076ab00000,0x0000000789d80000)
  from space 271360K, 99% used [0x000000079d780000,0x00000007ae07e690,0x00000007ae080000)
  to   space 321536K, 0% used [0x0000000789d80000,0x0000000789d80000,0x000000079d780000)
 ParOldGen       total 661504K, used 538827K [0x00000006c0000000, 0x00000006e8600000, 0x000000076ab00000)
  object space 661504K, 81% used [0x00000006c0000000,0x00000006e0e32eb0,0x00000006e8600000)
 Metaspace       used 6662K, capacity 7350K, committed 7552K, reserved 1056768K
  class space    used 606K, capacity 622K, committed 640K, reserved 1048576K
}
Event: 199.396 GC heap before
{Heap before GC invocations=33 (full 6):
 PSYoungGen      total 781824K, used 781817K [0x000000076ab00000, 0x00000007b4180000, 0x00000007c0000000)
  eden space 510464K, 100% used [0x000000076ab00000,0x0000000789d80000,0x0000000789d80000)
  from space 271360K, 99% used [0x000000079d780000,0x00000007ae07e690,0x00000007ae080000)
  to   space 321536K, 0% used [0x0000000789d80000,0x0000000789d80000,0x000000079d780000)
 ParOldGen       total 661504K, used 538827K [0x00000006c0000000, 0x00000006e8600000, 0x000000076ab00000)
  object space 661504K, 81% used [0x00000006c0000000,0x00000006e0e32eb0,0x00000006e8600000)
 Metaspace       used 6690K, capacity 7352K, committed 7552K, reserved 1056768K
  class space    used 608K, capacity 624K, committed 640K, reserved 1048576K
Event: 207.760 GC heap after
Heap after GC invocations=33 (full 6):
 PSYoungGen      total 832000K, used 276347K [0x000000076ab00000, 0x00000007b9380000, 0x00000007c0000000)
  eden space 510464K, 0% used [0x000000076ab00000,0x000000076ab00000,0x0000000789d80000)
  from space 321536K, 85% used [0x0000000789d80000,0x000000079ab5ee98,0x000000079d780000)
  to   space 357376K, 0% used [0x00000007a3680000,0x00000007a3680000,0x00000007b9380000)
 ParOldGen       total 661504K, used 613953K [0x00000006c0000000, 0x00000006e8600000, 0x000000076ab00000)
  object space 661504K, 92% used [0x00000006c0000000,0x00000006e5790500,0x00000006e8600000)
 Metaspace       used 6690K, capacity 7352K, committed 7552K, reserved 1056768K
  class space    used 608K, capacity 624K, committed 640K, reserved 1048576K
}
Event: 207.905 GC heap before
{Heap before GC invocations=34 (full 7):
 PSYoungGen      total 832000K, used 276347K [0x000000076ab00000, 0x00000007b9380000, 0x00000007c0000000)
  eden space 510464K, 0% used [0x000000076ab00000,0x000000076ab00000,0x0000000789d80000)
  from space 321536K, 85% used [0x0000000789d80000,0x000000079ab5ee98,0x000000079d780000)
  to   space 357376K, 0% used [0x00000007a3680000,0x00000007a3680000,0x00000007b9380000)
 ParOldGen       total 661504K, used 613953K [0x00000006c0000000, 0x00000006e8600000, 0x000000076ab00000)
  object space 661504K, 92% used [0x00000006c0000000,0x00000006e5790500,0x00000006e8600000)
 Metaspace       used 6690K, capacity 7352K, committed 7552K, reserved 1056768K
  class space    used 608K, capacity 624K, committed 640K, reserved 1048576K

